生成启动时间为 2014/7/22 10:12:09。
     1>项目“D:\Repositories\MyOpenGL\VS2010Project\myopengl\myopengl.vcxproj”在节点 2 上(build 个目标)。
     1>InitializeBuildStatus:
         正在创建“Release\myopengl.unsuccessfulbuild”，因为已指定“AlwaysCreate”。
       ClCompile:
         C:\Program Files\Microsoft Visual Studio 10.0\VC\bin\CL.exe /c /Zi /nologo /W3 /WX- /O2 /Oi /Oy- /GL /D WIN32 /D NDEBUG /D _CONSOLE /D _UNICODE /D UNICODE /Gm- /EHsc /MD /GS /Gy /fp:precise /Zc:wchar_t /Zc:forScope /Fo"Release\\" /Fd"Release\vc100.pdb" /Gd /TP /analyze- /errorReport:prompt glmain.cpp
         glmain.cpp
     1>d:\repositories\myopengl\vs2010project\myopengl\glm-0.9.4.0\glm\./core/func_common.hpp : warning C4819: 该文件包含不能在当前代码页(936)中表示的字符。请将该文件保存为 Unicode 格式以防止数据丢失
     1>d:\repositories\myopengl\vs2010project\myopengl\glm-0.9.4.0\glm\core\func_common.inl : warning C4819: 该文件包含不能在当前代码页(936)中表示的字符。请将该文件保存为 Unicode 格式以防止数据丢失
     1>d:\repositories\myopengl\vs2010project\myopengl\glm-0.9.4.0\glm\./core/func_integer.hpp : warning C4819: 该文件包含不能在当前代码页(936)中表示的字符。请将该文件保存为 Unicode 格式以防止数据丢失
     1>d:\repositories\myopengl\vs2010project\myopengl\./FreeImage/Dist/FreeImage.h : warning C4819: 该文件包含不能在当前代码页(936)中表示的字符。请将该文件保存为 Unicode 格式以防止数据丢失
       Link:
         C:\Program Files\Microsoft Visual Studio 10.0\VC\bin\link.exe /ERRORREPORT:PROMPT /OUT:"D:\Repositories\MyOpenGL\VS2010Project\myopengl\myopengl.exe" /INCREMENTAL:NO /NOLOGO kernel32.lib user32.lib gdi32.lib winspool.lib comdlg32.lib advapi32.lib shell32.lib ole32.lib oleaut32.lib uuid.lib odbc32.lib odbccp32.lib /MANIFEST /ManifestFile:"Release\myopengl.exe.intermediate.manifest" /MANIFESTUAC:"level='asInvoker' uiAccess='false'" /DEBUG /PDB:"D:\Repositories\MyOpenGL\VS2010Project\myopengl\myopengl.pdb" /SUBSYSTEM:CONSOLE /OPT:REF /OPT:ICF /LTCG /TLBID:1 /DYNAMICBASE /NXCOMPAT /IMPLIB:"D:\Repositories\MyOpenGL\VS2010Project\myopengl\myopengl.lib" /MACHINE:X86 Release\glCamera.obj
         Release\glmain.obj
         Release\renderScene.obj
         Release\shader.obj
         Release\skybox.obj
         Release\static_geometry.obj
         Release\texture.obj
         Release\vertexBufferObject.obj
         正在生成代码
         已完成代码的生成
         myopengl.vcxproj -> D:\Repositories\MyOpenGL\VS2010Project\myopengl\myopengl.exe
       Manifest:
         C:\Program Files\Microsoft SDKs\Windows\v7.0A\bin\mt.exe /nologo /verbose /outputresource:"D:\Repositories\MyOpenGL\VS2010Project\myopengl\myopengl.exe;#1" /manifest Release\myopengl.exe.intermediate.manifest
       FinalizeBuildStatus:
         正在删除文件“Release\myopengl.unsuccessfulbuild”。
         正在对“Release\myopengl.lastbuildstate”执行 Touch 任务。
     1>已完成生成项目“D:\Repositories\MyOpenGL\VS2010Project\myopengl\myopengl.vcxproj”(build 个目标)的操作。

生成成功。

已用时间 00:00:01.85
